2022-07-12 17:12:05 [main] INFO  c.m.d.t.t.k.s.TwitterToKafkaServiceApplication - Starting TwitterToKafkaServiceApplication using Java 16.0.2 on LBNL822296 with PID 21252 (C:\Users\KHOANG\Desktop\UDEMY microservices project\Microservices Demo\microservices-demo\twitter-to-kafka-service\target\classes started by KHOANG in C:\Users\KHOANG\Desktop\UDEMY microservices project\Microservices Demo\microservices-demo)
2022-07-12 17:12:05 [main] INFO  c.m.d.t.t.k.s.TwitterToKafkaServiceApplication - No active profile set, falling back to 1 default profile: "default"
2022-07-12 17:12:05 [main] INFO  c.m.d.t.t.k.s.TwitterToKafkaServiceApplication - Started TwitterToKafkaServiceApplication in 0.82 seconds (JVM running for 1.238)
2022-07-12 17:12:05 [main] INFO  c.m.d.t.t.k.s.TwitterToKafkaServiceApplication - App starts...
2022-07-12 17:12:05 [main] INFO  c.m.d.t.t.k.s.TwitterToKafkaServiceApplication - [Java, Microservices, Spring, Kafka, Elasticsearch]
2022-07-12 17:12:05 [main] INFO  c.m.d.t.t.k.s.TwitterToKafkaServiceApplication - Hello microservices!
2022-07-12 17:12:05 [Twitter Stream consumer /  [1][initializing]] INFO  twitter4j.TwitterStreamImpl - Establishing connection.
2022-07-12 17:12:05 [main] INFO  c.m.d.t.t.k.s.r.i.TwitterKafkaStreamRunner - Started filtering twitter stream for keywords [Java, Microservices, Spring, Kafka, Elasticsearch]
2022-07-12 17:12:06 [Twitter Stream consumer /  [1][Establishing connection]] INFO  twitter4j.TwitterStreamImpl - 403:The request is understood, but it has been refused. An accompanying error message will explain why. This code is used when requests are being denied due to update limits (https://support.twitter.com/articles/15364-about-twitter-limits-update-api-dm-and-following).
<html>\n<head>\n<meta http-equiv="Content-Type" content="text/html; charset=utf-8"/>\n<title>Error 403 
Please use V2 filtered and sample volume stream as alternatives
</title>
</head>
<body>
<h2>HTTP ERROR: 403</h2>
<p>Problem accessing '/1.1/statuses/filter.json'. Reason:
<pre>    
Please use V2 filtered and sample volume stream as alternatives
</pre>
</body>
</html>

2022-07-12 17:12:06 [Twitter Stream consumer /  [1][Establishing connection]] WARN  twitter4j.TwitterStreamImpl - This account is not in required role. 403:The request is understood, but it has been refused. An accompanying error message will explain why. This code is used when requests are being denied due to update limits (https://support.twitter.com/articles/15364-about-twitter-limits-update-api-dm-and-following).
<html>\n<head>\n<meta http-equiv="Content-Type" content="text/html; charset=utf-8"/>\n<title>Error 403 
Please use V2 filtered and sample volume stream as alternatives
</title>
</head>
<body>
<h2>HTTP ERROR: 403</h2>
<p>Problem accessing '/1.1/statuses/filter.json'. Reason:
<pre>    
Please use V2 filtered and sample volume stream as alternatives
</pre>
</body>
</html>

2022-07-12 17:12:06 [SpringApplicationShutdownHook] INFO  c.m.d.t.t.k.s.r.i.TwitterKafkaStreamRunner - Closing twitter stream!
